[debug] [2018-11-10T15:43:22.499Z] ----------------------------------------------------------------------
[debug] [2018-11-10T15:43:22.509Z] Command:       C:\Program Files\nodejs\node.exe C:\Users\RobertoEnrique\AppData\Roaming\npm\node_modules\firebase-tools\lib\bin\firebase.js login
[debug] [2018-11-10T15:43:22.510Z] CLI Version:   6.0.1
[debug] [2018-11-10T15:43:22.511Z] Platform:      win32
[debug] [2018-11-10T15:43:22.511Z] Node Version:  v11.0.0
[debug] [2018-11-10T15:43:22.516Z] Time:          Sat Nov 10 2018 16:43:22 GMT+0100 (GMT+01:00)
[debug] [2018-11-10T15:43:22.516Z] ----------------------------------------------------------------------
[debug] 
[info] 
[info] Visit this URL on any device to log in:
[info] https://accounts.google.com/o/oauth2/auth?client_id=563584335869-fgrhgmd47bqnekij5i8b5pr03ho849e6.apps.googleusercontent.com&scope=email%20openid%20https%3A%2F%2Fwww.googleapis.com%2Fauth%2Fcloudplatformprojects.readonly%20https%3A%2F%2Fwww.googleapis.com%2Fauth%2Ffirebase%20https%3A%2F%2Fwww.googleapis.com%2Fauth%2Fcloud-platform&response_type=code&state=263491930&redirect_uri=http%3A%2F%2Flocalhost%3A9005
[info] 
[info] Waiting for authentication...
[debug] [2018-11-10T15:43:51.966Z] >>> HTTP REQUEST POST https://accounts.google.com/o/oauth2/token  

[debug] [2018-11-10T15:43:53.021Z] Token Fetch Error: Error
    at new FirebaseError (C:\Users\RobertoEnrique\AppData\Roaming\npm\node_modules\firebase-tools\lib\error.js:9:18)
    at Request._callback (C:\Users\RobertoEnrique\AppData\Roaming\npm\node_modules\firebase-tools\lib\api.js:28:31)
    at self.callback (C:\Users\RobertoEnrique\AppData\Roaming\npm\node_modules\firebase-tools\node_modules\request\request.js:185:22)
    at Request.emit (events.js:182:13)
    at Request.EventEmitter.emit (domain.js:441:20)
    at Request.onRequestError (C:\Users\RobertoEnrique\AppData\Roaming\npm\node_modules\firebase-tools\node_modules\request\request.js:881:8)
    at ClientRequest.emit (events.js:182:13)
    at ClientRequest.EventEmitter.emit (domain.js:441:20)
    at ClientRequest.onError (C:\Users\RobertoEnrique\AppData\Roaming\npm\node_modules\firebase-tools\node_modules\tunnel-agent\index.js:179:21)
    at Object.onceWrapper (events.js:273:13)
[debug] [2018-11-10T15:50:36.178Z] ----------------------------------------------------------------------
[debug] [2018-11-10T15:50:36.194Z] Command:       C:\Program Files\nodejs\node.exe C:\Users\RobertoEnrique\AppData\Roaming\npm\node_modules\firebase-tools\lib\bin\firebase.js login
[debug] [2018-11-10T15:50:36.196Z] CLI Version:   6.0.1
[debug] [2018-11-10T15:50:36.196Z] Platform:      win32
[debug] [2018-11-10T15:50:36.196Z] Node Version:  v11.0.0
[debug] [2018-11-10T15:50:36.202Z] Time:          Sat Nov 10 2018 16:50:36 GMT+0100 (GMT+01:00)
[debug] [2018-11-10T15:50:36.203Z] ----------------------------------------------------------------------
[debug] 
[info] 
[info] Visit this URL on any device to log in:
[info] https://accounts.google.com/o/oauth2/auth?client_id=563584335869-fgrhgmd47bqnekij5i8b5pr03ho849e6.apps.googleusercontent.com&scope=email%20openid%20https%3A%2F%2Fwww.googleapis.com%2Fauth%2Fcloudplatformprojects.readonly%20https%3A%2F%2Fwww.googleapis.com%2Fauth%2Ffirebase%20https%3A%2F%2Fwww.googleapis.com%2Fauth%2Fcloud-platform&response_type=code&state=719101687&redirect_uri=http%3A%2F%2Flocalhost%3A9005
[info] 
[info] Waiting for authentication...
[debug] [2018-11-10T15:51:12.653Z] >>> HTTP REQUEST POST https://accounts.google.com/o/oauth2/token  

[debug] [2018-11-10T15:51:13.679Z] Token Fetch Error: Error
    at new FirebaseError (C:\Users\RobertoEnrique\AppData\Roaming\npm\node_modules\firebase-tools\lib\error.js:9:18)
    at Request._callback (C:\Users\RobertoEnrique\AppData\Roaming\npm\node_modules\firebase-tools\lib\api.js:28:31)
    at self.callback (C:\Users\RobertoEnrique\AppData\Roaming\npm\node_modules\firebase-tools\node_modules\request\request.js:185:22)
    at Request.emit (events.js:182:13)
    at Request.EventEmitter.emit (domain.js:441:20)
    at Request.onRequestError (C:\Users\RobertoEnrique\AppData\Roaming\npm\node_modules\firebase-tools\node_modules\request\request.js:881:8)
    at ClientRequest.emit (events.js:182:13)
    at ClientRequest.EventEmitter.emit (domain.js:441:20)
    at ClientRequest.onError (C:\Users\RobertoEnrique\AppData\Roaming\npm\node_modules\firebase-tools\node_modules\tunnel-agent\index.js:179:21)
    at Object.onceWrapper (events.js:273:13)
[debug] [2018-11-10T15:53:31.574Z] ----------------------------------------------------------------------
[debug] [2018-11-10T15:53:31.586Z] Command:       C:\Program Files\nodejs\node.exe C:\Users\RobertoEnrique\AppData\Roaming\npm\node_modules\firebase-tools\lib\bin\firebase.js login
[debug] [2018-11-10T15:53:31.587Z] CLI Version:   6.0.1
[debug] [2018-11-10T15:53:31.587Z] Platform:      win32
[debug] [2018-11-10T15:53:31.587Z] Node Version:  v11.0.0
[debug] [2018-11-10T15:53:31.594Z] Time:          Sat Nov 10 2018 16:53:31 GMT+0100 (GMT+01:00)
[debug] [2018-11-10T15:53:31.594Z] ----------------------------------------------------------------------
[debug] 
[info] 
[info] Visit this URL on any device to log in:
[info] https://accounts.google.com/o/oauth2/auth?client_id=563584335869-fgrhgmd47bqnekij5i8b5pr03ho849e6.apps.googleusercontent.com&scope=email%20openid%20https%3A%2F%2Fwww.googleapis.com%2Fauth%2Fcloudplatformprojects.readonly%20https%3A%2F%2Fwww.googleapis.com%2Fauth%2Ffirebase%20https%3A%2F%2Fwww.googleapis.com%2Fauth%2Fcloud-platform&response_type=code&state=400026458&redirect_uri=http%3A%2F%2Flocalhost%3A9005
[info] 
[info] Waiting for authentication...
[debug] [2018-11-10T15:54:35.453Z] >>> HTTP REQUEST POST https://accounts.google.com/o/oauth2/token  

[debug] [2018-11-10T15:54:36.479Z] Token Fetch Error: Error
    at new FirebaseError (C:\Users\RobertoEnrique\AppData\Roaming\npm\node_modules\firebase-tools\lib\error.js:9:18)
    at Request._callback (C:\Users\RobertoEnrique\AppData\Roaming\npm\node_modules\firebase-tools\lib\api.js:28:31)
    at self.callback (C:\Users\RobertoEnrique\AppData\Roaming\npm\node_modules\firebase-tools\node_modules\request\request.js:185:22)
    at Request.emit (events.js:182:13)
    at Request.EventEmitter.emit (domain.js:441:20)
    at Request.onRequestError (C:\Users\RobertoEnrique\AppData\Roaming\npm\node_modules\firebase-tools\node_modules\request\request.js:881:8)
    at ClientRequest.emit (events.js:182:13)
    at ClientRequest.EventEmitter.emit (domain.js:441:20)
    at ClientRequest.onError (C:\Users\RobertoEnrique\AppData\Roaming\npm\node_modules\firebase-tools\node_modules\tunnel-agent\index.js:179:21)
    at Object.onceWrapper (events.js:273:13)
